0 info it worked if it ends with ok
1 verbose cli [ '/home/galen/.nvm/versions/node/v7.7.0/bin/node',
1 verbose cli   '/home/galen/.nvm/versions/node/v7.7.0/bin/npm',
1 verbose cli   'publish' ]
2 info using npm@4.1.2
3 info using node@v7.7.0
4 verbose publish [ '.' ]
5 silly cache add args [ '.', null ]
6 verbose cache add spec .
7 silly cache add parsed spec Result {
7 silly cache add   raw: '.',
7 silly cache add   scope: null,
7 silly cache add   escapedName: null,
7 silly cache add   name: null,
7 silly cache add   rawSpec: '.',
7 silly cache add   spec: '/mnt/c/github/video++/live-components',
7 silly cache add   type: 'directory' }
8 verbose addLocalDirectory /home/galen/.npm/live-components/0.1.1/package.tgz not in flight; packing
9 verbose correctMkdir /home/galen/.npm correctMkdir not in flight; initializing
10 info lifecycle live-components@0.1.1~prepublish: live-components@0.1.1
11 silly lifecycle live-components@0.1.1~prepublish: no script for prepublish, continuing
12 info lifecycle live-components@0.1.1~prepare: live-components@0.1.1
13 silly lifecycle live-components@0.1.1~prepare: no script for prepare, continuing
14 verbose tar pack [ '/home/galen/.npm/live-components/0.1.1/package.tgz',
14 verbose tar pack   '/mnt/c/github/video++/live-components' ]
15 verbose tarball /home/galen/.npm/live-components/0.1.1/package.tgz
16 verbose folder /mnt/c/github/video++/live-components
17 verbose addLocalTarball adding from inside cache /home/galen/.npm/live-components/0.1.1/package.tgz
18 verbose correctMkdir /home/galen/.npm correctMkdir not in flight; initializing
19 silly cache afterAdd live-components@0.1.1
20 verbose afterAdd /home/galen/.npm/live-components/0.1.1/package/package.json not in flight; writing
21 verbose correctMkdir /home/galen/.npm correctMkdir not in flight; initializing
22 verbose afterAdd /home/galen/.npm/live-components/0.1.1/package/package.json written
23 silly publish { _args:
23 silly publish    [ [ [Object],
23 silly publish        '/mnt/c/github/video++/consolelive/client/modules/admin-temp' ] ],
23 silly publish   _from: '.',
23 silly publish   _id: 'live-components@0.1.1',
23 silly publish   _inCache: true,
23 silly publish   _location: '/live-components',
23 silly publish   _nodeVersion: '6.9.1',
23 silly publish   _npmOperationalInternal:
23 silly publish    { host: 'packages-12-west.internal.npmjs.com',
23 silly publish      tmp: 'tmp/live-components-0.1.0.tgz_1489588062295_0.3563771180342883' },
23 silly publish   _npmUser: { name: 'galenjiang', email: '249254832@qq.com' },
23 silly publish   _npmVersion: '3.10.8',
23 silly publish   _phantomChildren: {},
23 silly publish   _requested:
23 silly publish    { raw: 'live-components',
23 silly publish      scope: null,
23 silly publish      escapedName: 'live-components',
23 silly publish      name: 'live-components',
23 silly publish      rawSpec: '',
23 silly publish      spec: 'latest',
23 silly publish      type: 'tag' },
23 silly publish   _requiredBy: [ '#USER', '/' ],
23 silly publish   _resolved: 'https://registry.npmjs.org/live-components/-/live-components-0.1.0.tgz',
23 silly publish   _shasum: '4e11e5e0eafa1da6514c545bff9386d3da1fe491',
23 silly publish   _shrinkwrap: null,
23 silly publish   _spec: 'live-components',
23 silly publish   _where: '/mnt/c/github/video++/consolelive/client/modules/admin-temp',
23 silly publish   author: '',
23 silly publish   dependencies:
23 silly publish    { antd: '^2.7.2',
23 silly publish      axios: '^0.15.3',
23 silly publish      'babel-runtime': '^6.23.0',
23 silly publish      classnames: '^2.2.5',
23 silly publish      jsonp: '^0.2.1',
23 silly publish      lodash: '^4.17.4',
23 silly publish      moment: '^2.17.1',
23 silly publish      react: '^15.4.2',
23 silly publish      'react-color': '^2.11.3',
23 silly publish      'react-css-modules': '^4.1.0',
23 silly publish      'react-dom': '^15.4.2',
23 silly publish      'react-hot-loader': '^3.0.0-beta.6',
23 silly publish      'react-router-dom': '^4.0.0-beta.6' },
23 silly publish   devDependencies:
23 silly publish    { 'autoprefixer-loader': '^3.2.0',
23 silly publish      'babel-cli': '^6.23.0',
23 silly publish      'babel-core': '^6.23.1',
23 silly publish      'babel-eslint': '^7.1.1',
23 silly publish      'babel-loader': '^6.3.2',
23 silly publish      'babel-plugin-import': '^1.1.1',
23 silly publish      'babel-plugin-transform-decorators-legacy': '^1.3.4',
23 silly publish      'babel-plugin-transform-runtime': '^6.23.0',
23 silly publish      'babel-preset-latest': '^6.22.0',
23 silly publish      'babel-preset-react': '^6.23.0',
23 silly publish      'babel-preset-stage-0': '^6.22.0',
23 silly publish      chalk: '^1.1.3',
23 silly publish      'cross-env': '^3.1.4',
23 silly publish      'css-loader': '^0.26.1',
23 silly publish      eslint: '^3.15.0',
23 silly publish      'eslint-config-airbnb': '^14.1.0',
23 silly publish      'eslint-plugin-import': '^2.2.0',
23 silly publish      'eslint-plugin-jsx-a11y': '^4.0.0',
23 silly publish      'eslint-plugin-react': '^6.10.0',
23 silly publish      'extract-text-webpack-plugin': '^2.0.0-rc.3',
23 silly publish      'file-loader': '^0.10.0',
23 silly publish      'html-webpack-plugin': '^2.28.0',
23 silly publish      less: '^2.7.2',
23 silly publish      'less-loader': '^2.2.3',
23 silly publish      'postcss-loader': '^1.3.1',
23 silly publish      'style-loader': '^0.13.1',
23 silly publish      'url-loader': '^0.5.7',
23 silly publish      webpack: '^2.2.1',
23 silly publish      'webpack-dev-server': '^2.3.0',
23 silly publish      'webpack-merge': '^2.6.1' },
23 silly publish   directories: {},
23 silly publish   dist:
23 silly publish    { shasum: 'a23d1f9c82ee4aac835fcb9651a1b04efecfb2f0',
23 silly publish      tarball: 'https://registry.npmjs.org/live-components/-/live-components-0.1.0.tgz' },
23 silly publish   gitHead: '2287ad2a45f1f7f9cd4c9f95f78d1925f2cb5053',
23 silly publish   license: 'private',
23 silly publish   main: 'index.js',
23 silly publish   maintainers: [ { name: 'galenjiang', email: '249254832@qq.com' } ],
23 silly publish   name: 'live-components',
23 silly publish   optionalDependencies: {},
23 silly publish   readme: 'ERROR: No README data found!',
23 silly publish   scripts:
23 silly publish    { build: 'cross-env NODE_BD=build node ./build/build.js',
23 silly publish      server: 'cross-env NODE_BD=server node ./build/dev-server.js' },
23 silly publish   version: '0.1.1' }
24 info lifecycle live-components@0.1.1~prepublishOnly: live-components@0.1.1
25 silly lifecycle live-components@0.1.1~prepublishOnly: no script for prepublishOnly, continuing
26 verbose getPublishConfig undefined
27 silly mapToRegistry name live-components
28 silly mapToRegistry using default registry
29 silly mapToRegistry registry https://registry.npmjs.org/
30 silly mapToRegistry data Result {
30 silly mapToRegistry   raw: 'live-components',
30 silly mapToRegistry   scope: null,
30 silly mapToRegistry   escapedName: 'live-components',
30 silly mapToRegistry   name: 'live-components',
30 silly mapToRegistry   rawSpec: '',
30 silly mapToRegistry   spec: 'latest',
30 silly mapToRegistry   type: 'tag' }
31 silly mapToRegistry uri https://registry.npmjs.org/live-components
32 verbose publish registryBase https://registry.npmjs.org/
33 silly publish uploading /home/galen/.npm/live-components/0.1.1/package.tgz
34 verbose request uri https://registry.npmjs.org/live-components
35 verbose request sending authorization for write operation
36 info attempt registry request try #1 at 5:11:59 PM
37 verbose request using bearer token for auth
38 verbose request id a76616cf0345b7d6
39 http request PUT https://registry.npmjs.org/live-components
40 http 403 https://registry.npmjs.org/live-components
41 verbose headers { 'content-type': 'application/json',
41 verbose headers   'cache-control': 'max-age=300',
41 verbose headers   'content-length': '95',
41 verbose headers   'accept-ranges': 'bytes',
41 verbose headers   date: 'Thu, 16 Mar 2017 09:12:26 GMT',
41 verbose headers   via: '1.1 varnish',
41 verbose headers   connection: 'keep-alive',
41 verbose headers   'x-served-by': 'cache-nrt6125-NRT',
41 verbose headers   'x-cache': 'MISS',
41 verbose headers   'x-cache-hits': '0',
41 verbose headers   'x-timer': 'S1489655545.503696,VS0,VE898',
41 verbose headers   vary: 'Accept-Encoding' }
42 verbose request invalidating /home/galen/.npm/registry.npmjs.org/live-components on PUT
43 error publish Failed PUT 403
44 verbose stack Error: "You cannot publish over the previously published version 0.1.1." : live-components
44 verbose stack     at makeError (/home/galen/.nvm/versions/node/v7.7.0/lib/node_modules/npm/node_modules/npm-registry-client/lib/request.js:304:12)
44 verbose stack     at CachingRegistryClient.<anonymous> (/home/galen/.nvm/versions/node/v7.7.0/lib/node_modules/npm/node_modules/npm-registry-client/lib/request.js:292:14)
44 verbose stack     at Request._callback (/home/galen/.nvm/versions/node/v7.7.0/lib/node_modules/npm/node_modules/npm-registry-client/lib/request.js:212:14)
44 verbose stack     at Request.self.callback (/home/galen/.nvm/versions/node/v7.7.0/lib/node_modules/npm/node_modules/request/request.js:186:22)
44 verbose stack     at emitTwo (events.js:106:13)
44 verbose stack     at Request.emit (events.js:194:7)
44 verbose stack     at Request.<anonymous> (/home/galen/.nvm/versions/node/v7.7.0/lib/node_modules/npm/node_modules/request/request.js:1081:10)
44 verbose stack     at emitOne (events.js:96:13)
44 verbose stack     at Request.emit (events.js:191:7)
44 verbose stack     at IncomingMessage.<anonymous> (/home/galen/.nvm/versions/node/v7.7.0/lib/node_modules/npm/node_modules/request/request.js:1001:12)
45 verbose statusCode 403
46 verbose pkgid live-components
47 verbose cwd /mnt/c/github/video++/live-components
48 error Linux 4.4.0-43-Microsoft
49 error argv "/home/galen/.nvm/versions/node/v7.7.0/bin/node" "/home/galen/.nvm/versions/node/v7.7.0/bin/npm" "publish"
50 error node v7.7.0
51 error npm  v4.1.2
52 error code E403
53 error "You cannot publish over the previously published version 0.1.1." : live-components
54 error If you need help, you may report this error at:
54 error     <https://github.com/npm/npm/issues>
55 verbose exit [ 1, true ]
